<?xml version="1.0" encoding="UTF-8"?>
<testng-results ignored="0" total="1" passed="1" failed="0" skipped="0">
  <reporter-output>
  </reporter-output>
  <suite started-at="2025-06-06T19:25:49 IST" name="Suite" finished-at="2025-06-06T19:25:55 IST" duration-ms="5785">
    <groups>
    </groups>
    <test started-at="2025-06-06T19:25:49 IST" name="Master Suite" finished-at="2025-06-06T19:25:55 IST" duration-ms="5785">
      <class name="testCases.TC001_LoginPageTest">
        <test-method is-config="true" signature="setup()[pri:0, instance:testCases.TC001_LoginPageTest@4a94ee4]" started-at="2025-06-06T19:25:49 IST" name="setup" finished-at="2025-06-06T19:25:55 IST" duration-ms="5467" status="PASS">
          <reporter-output>
          </reporter-output>
        </test-method> <!-- setup -->
        <test-method signature="verify_loginPage()[pri:0, instance:testCases.TC001_LoginPageTest@4a94ee4]" started-at="2025-06-06T19:25:55 IST" name="verify_loginPage" finished-at="2025-06-06T19:25:55 IST" duration-ms="131" status="PASS">
          <reporter-output>
          </reporter-output>
        </test-method> <!-- verify_loginPage -->
        <test-method is-config="true" signature="tearDown()[pri:0, instance:testCases.TC001_LoginPageTest@4a94ee4]" started-at="2025-06-06T19:25:55 IST" name="tearDown" finished-at="2025-06-06T19:25:55 IST" duration-ms="136" status="PASS">
          <reporter-output>
          </reporter-output>
        </test-method> <!-- tearDown -->
      </class> <!-- testCases.TC001_LoginPageTest -->
    </test> <!-- Master Suite -->
  </suite> <!-- Suite -->
</testng-results>
