<?xml version="1.0" encoding="UTF-8"?>
<testng-results ignored="0" total="1" passed="1" failed="0" skipped="0">
  <reporter-output>
  </reporter-output>
  <suite started-at="2025-06-06T19:23:12 IST" name="Suite" finished-at="2025-06-06T19:23:20 IST" duration-ms="7049">
    <groups>
    </groups>
    <test started-at="2025-06-06T19:23:12 IST" name="Master Suite" finished-at="2025-06-06T19:23:20 IST" duration-ms="7049">
      <class name="testCases.TC001_LoginPageTest">
        <test-method is-config="true" signature="setup()[pri:0, instance:testCases.TC001_LoginPageTest@5b7a5baa]" started-at="2025-06-06T19:23:13 IST" name="setup" finished-at="2025-06-06T19:23:19 IST" duration-ms="6655" status="PASS">
          <reporter-output>
          </reporter-output>
        </test-method> <!-- setup -->
        <test-method signature="verify_loginPage()[pri:0, instance:testCases.TC001_LoginPageTest@5b7a5baa]" started-at="2025-06-06T19:23:19 IST" name="verify_loginPage" finished-at="2025-06-06T19:23:19 IST" duration-ms="183" status="PASS">
          <reporter-output>
          </reporter-output>
        </test-method> <!-- verify_loginPage -->
        <test-method is-config="true" signature="tearDown()[pri:0, instance:testCases.TC001_LoginPageTest@5b7a5baa]" started-at="2025-06-06T19:23:19 IST" name="tearDown" finished-at="2025-06-06T19:23:20 IST" duration-ms="160" status="PASS">
          <reporter-output>
          </reporter-output>
        </test-method> <!-- tearDown -->
      </class> <!-- testCases.TC001_LoginPageTest -->
    </test> <!-- Master Suite -->
  </suite> <!-- Suite -->
</testng-results>
